<?xml version="1.0" encoding="UTF-8"?>
<testng-results ignored="0" total="1" passed="1" failed="0" skipped="0">
  <reporter-output>
  </reporter-output>
  <suite started-at="2022-09-27T22:33:00 IST" name="Default suite" finished-at="2022-09-27T22:33:10 IST" duration-ms="10074">
    <groups>
    </groups>
    <test started-at="2022-09-27T22:33:00 IST" name="Default test" finished-at="2022-09-27T22:33:10 IST" duration-ms="10074">
      <class name="com.TestCases.WebOrderLogin_usingExclel">
        <test-method signature="testLogin()[pri:0, instance:com.TestCases.WebOrderLogin_usingExclel@71def8f8]" started-at="2022-09-27T22:33:00 IST" name="testLogin" finished-at="2022-09-27T22:33:10 IST" duration-ms="10010" status="PASS">
          <reporter-output>
          </reporter-output>
        </test-method> <!-- testLogin -->
      </class> <!-- com.TestCases.WebOrderLogin_usingExclel -->
    </test> <!-- Default test -->
  </suite> <!-- Default suite -->
</testng-results>
